(THU.CST) os is loading ...

Special kernel symbols:
  entry  0xc0100036 (phys)
  etext  0xc0106d56 (phys)
  edata  0xc011c000 (phys)
  end    0xc02a3960 (phys)
Kernel executable memory footprint: 1679KB
ebp:0xc0118f38 eip:0xc0100a9e args:0x00010094 0x00010094 0xc0118f68 0xc01000cd 
    kern/debug/kdebug.c:308: print_stackframe+21
ebp:0xc0118f48 eip:0xc0100d8c args:0x00000000 0x00000000 0x00000000 0xc0118fb8 
    kern/debug/kmonitor.c:129: mon_backtrace+10
ebp:0xc0118f68 eip:0xc01000cd args:0x00000000 0xc0118f90 0xffff0000 0xc0118f94 
    kern/init/init.c:49: grade_backtrace2+33
ebp:0xc0118f88 eip:0xc01000f7 args:0x00000000 0xffff0000 0xc0118fb4 0x0000002b 
    kern/init/init.c:54: grade_backtrace1+38
ebp:0xc0118fa8 eip:0xc0100116 args:0x00000000 0xc0100036 0xffff0000 0x0000001d 
    kern/init/init.c:59: grade_backtrace0+23
ebp:0xc0118fc8 eip:0xc010013c args:0xc0106d7c 0xc0106d60 0x00187960 0x00000000 
    kern/init/init.c:64: grade_backtrace+34
ebp:0xc0118ff8 eip:0xc010008b args:0xc0106f5c 0xc0106f64 0xc0100d14 0xc0106f83 
    kern/init/init.c:29: kern_init+84
memory management: default_pmm_manager
e820map:
  memory: 0009fc00, [00000000, 0009fbff], type = 1.
  memory: 00000400, [0009fc00, 0009ffff], type = 2.
  memory: 00010000, [000f0000, 000fffff], type = 2.
  memory: 07ee0000, [00100000, 07fdffff], type = 1.
  memory: 00020000, [07fe0000, 07ffffff], type = 2.
  memory: 00040000, [fffc0000, ffffffff], type = 2.
check_alloc_page() succeeded!
check_pgdir() succeeded!
check_boot_pgdir() succeeded!
-------------------- BEGIN --------------------
PDE(0e0) c0000000-f8000000 38000000 urw
  |-- PTE(38000) c0000000-f8000000 38000000 -rw
PDE(001) fac00000-fb000000 00400000 -rw
  |-- PTE(000e0) faf00000-fafe0000 000e0000 urw
  |-- PTE(00001) fafeb000-fafec000 00001000 -rw
--------------------- END ---------------------
++ setup timer interrupts
0: @ring 0
0:  cs = 8
0:  ds = 10
0:  es = 10
0:  ss = 10
+++ switch to  user  mode +++
1: @ring 0
1:  cs = 8
1:  ds = 10
1:  es = 10
1:  ss = 10
+++ switch to kernel mode +++
2: @ring 0
2:  cs = 8
2:  ds = 10
2:  es = 10
2:  ss = 10
100 ticks
End of Test.
kernel panic at kern/trap/trap.c:18:
    EOT: kernel seems ok.
stack trackback:
ebp:0xc0118ee0 eip:0xc0100a9e args:0xc0106e28 0xc0118f24 0x00000012 0x00000000 
    kern/debug/kdebug.c:308: print_stackframe+21
ebp:0xc0118f10 eip:0xc0100456 args:0xc01070ee 0x00000012 0xc01070d8 0xc0118f3c 
    kern/debug/panic.c:27: __panic+103
ebp:0xc0118f30 eip:0xc01018c7 args:0xc0118f68 0x0000000c 0x00010094 0x00010094 
    kern/trap/trap.c:18: print_ticks+65
ebp:0xc0118f60 eip:0xc0101cf2 args:0xc0118f8c 0x0000000c 0xc0107072 0xc0118fa4 
    kern/trap/trap.c:158: trap_dispatch+131
ebp:0xc0118f80 eip:0xc0101dac args:0xc0118f8c 0x0000807c 0x00010094 0xc0118ff8 
    kern/trap/trap.c:195: trap+16
ebp:0xc0118ff8 eip:0xc0102837 args:0xc0106f5c 0xc0106f64 0xc0100d14 0xc0106f83 
    kern/trap/trapentry.S:24: <unknown>+0
Welcome to the kernel debug monitor!!
Type 'help' for a list of commands.
K> 